android/app/build/intermediates/manifest_merge_blame_file/debug/manifest-merger-blame-debug-report.txt
1<?xml version="1.0" encoding="utf-8"?>
2<manifest xmlns:android="http://schemas.android.com/apk/res/android"
3    package="com.bioauthtestproject"
4    android:versionCode="1"
5    android:versionName="1.0" >
6
7    <uses-sdk
8        android:minSdkVersion="21"
9        android:targetSdkVersion="29" />
10
11    <uses-permission android:name="android.permission.SYSTEM_ALERT_WINDOW" />
11-->src/debug/AndroidManifest.xml:5:5-77
11-->src/debug/AndroidManifest.xml:5:22-75
12    <uses-permission android:name="android.permission.INTERNET" />
12-->src/main/AndroidManifest.xml:4:5-67
12-->src/main/AndroidManifest.xml:4:22-64
13    <uses-permission android:name="android.permission.ACCESS_WIFI_STATE" />
13-->[com.facebook.flipper:flipper:0.75.1] AndroidManifest.xml:16:5-76
13-->[com.facebook.flipper:flipper:0.75.1] AndroidManifest.xml:16:22-73
14    <uses-permission android:name="android.permission.WRITE_EXTERNAL_STORAGE" />
14-->[:expo-file-system] AndroidManifest.xml:13:5-81
14-->[:expo-file-system] AndroidManifest.xml:13:22-78
15    <uses-permission android:name="android.permission.READ_EXTERNAL_STORAGE" />
15-->[:expo-file-system] AndroidManifest.xml:14:5-80
15-->[:expo-file-system] AndroidManifest.xml:14:22-77
16    <uses-permission android:name="android.permission.USE_FINGERPRINT" />
16-->[:expo-local-authentication] AndroidManifest.xml:11:5-74
16-->[:expo-local-authentication] AndroidManifest.xml:11:22-71
17    <uses-permission android:name="android.permission.USE_BIOMETRIC" />
17-->[:expo-local-authentication] AndroidManifest.xml:12:5-72
17-->[:expo-local-authentication] AndroidManifest.xml:12:22-69
18
19    <application
19-->src/main/AndroidManifest.xml:6:5-24:19
20        android:name="com.bioauthtestproject.MainApplication"
20-->src/main/AndroidManifest.xml:7:7-38
21        android:allowBackup="false"
21-->src/main/AndroidManifest.xml:11:7-34
22        android:appComponentFactory="androidx.core.app.CoreComponentFactory"
22-->[androidx.core:core:1.3.0] AndroidManifest.xml:24:18-86
23        android:debuggable="true"
24        android:icon="@mipmap/ic_launcher"
24-->src/main/AndroidManifest.xml:9:7-41
25        android:label="@string/app_name"
25-->src/main/AndroidManifest.xml:8:7-39
26        android:roundIcon="@mipmap/ic_launcher_round"
26-->src/main/AndroidManifest.xml:10:7-52
27        android:testOnly="true"
28        android:theme="@style/AppTheme"
28-->src/main/AndroidManifest.xml:12:7-38
29        android:usesCleartextTraffic="true" >
29-->src/debug/AndroidManifest.xml:8:9-44
30        <activity android:name="com.facebook.react.devsupport.DevSettingsActivity" />
30-->src/debug/AndroidManifest.xml:11:9-86
30-->src/debug/AndroidManifest.xml:11:19-83
31        <activity
31-->src/main/AndroidManifest.xml:13:7-23:18
32            android:name="com.bioauthtestproject.MainActivity"
32-->src/main/AndroidManifest.xml:14:9-37
33            android:configChanges="keyboard|keyboardHidden|orientation|screenSize|uiMode"
33-->src/main/AndroidManifest.xml:16:9-86
34            android:label="@string/app_name"
34-->src/main/AndroidManifest.xml:15:9-41
35            android:launchMode="singleTask"
35-->src/main/AndroidManifest.xml:17:9-40
36            android:windowSoftInputMode="adjustResize" >
36-->src/main/AndroidManifest.xml:18:9-51
37            <intent-filter>
37-->src/main/AndroidManifest.xml:19:9-22:25
38                <action android:name="android.intent.action.MAIN" />
38-->src/main/AndroidManifest.xml:20:13-65
38-->src/main/AndroidManifest.xml:20:21-62
39
40                <category android:name="android.intent.category.LAUNCHER" />
40-->src/main/AndroidManifest.xml:21:13-73
40-->src/main/AndroidManifest.xml:21:23-70
41            </intent-filter>
42        </activity>
43
44        <meta-data
44-->[:unimodules-react-native-adapter] AndroidManifest.xml:12:9-14:91
45            android:name="org.unimodules.core.AppLoader#react-native-headless"
45-->[:unimodules-react-native-adapter] AndroidManifest.xml:13:13-79
46            android:value="org.unimodules.adapters.react.apploader.RNHeadlessAppLoader" />
46-->[:unimodules-react-native-adapter] AndroidManifest.xml:14:13-88
47
48        <provider
48-->[:expo-file-system] AndroidManifest.xml:17:9-26:20
49            android:name="expo.modules.filesystem.FileSystemFileProvider"
49-->[:expo-file-system] AndroidManifest.xml:18:13-74
50            android:authorities="com.bioauthtestproject.FileSystemFileProvider"
50-->[:expo-file-system] AndroidManifest.xml:19:13-74
51            android:exported="false"
51-->[:expo-file-system] AndroidManifest.xml:20:13-37
52            android:grantUriPermissions="true" >
52-->[:expo-file-system] AndroidManifest.xml:21:13-47
53            <meta-data
53-->[:expo-file-system] AndroidManifest.xml:23:13-25:70
54                android:name="android.support.FILE_PROVIDER_PATHS"
54-->[:expo-file-system] AndroidManifest.xml:24:17-67
55                android:resource="@xml/file_system_provider_paths" />
55-->[:expo-file-system] AndroidManifest.xml:25:17-67
56        </provider>
57
58        <activity
58-->[androidx.biometric:biometric:1.0.1] AndroidManifest.xml:28:9-31:67
59            android:name="androidx.biometric.DeviceCredentialHandlerActivity"
59-->[androidx.biometric:biometric:1.0.1] AndroidManifest.xml:29:13-78
60            android:exported="true"
60-->[androidx.biometric:biometric:1.0.1] AndroidManifest.xml:30:13-36
61            android:theme="@style/DeviceCredentialHandlerTheme" />
61-->[androidx.biometric:biometric:1.0.1] AndroidManifest.xml:31:13-64
62    </application>
63
64</manifest>